<?xml version="1.0" encoding="UTF-8"?>
<!-- Generated by org.testng.reporters.JUnitReportReporter -->
<testsuite skipped="0" hostname="BLT017" name="com.cts.magentotest.LoginTest" tests="7" failures="0" timestamp="2020-03-05T13:53:25 IST" time="296.402" errors="0">
  <testcase name="validCredentials" time="59.951" classname="com.cts.magentotest.LoginTest"/>
  <testcase name="invalidCredentials" time="38.395" classname="com.cts.magentotest.LoginTest"/>
  <testcase name="invalidCredentials" time="33.370" classname="com.cts.magentotest.LoginTest"/>
  <testcase name="invalidCredentials" time="41.659" classname="com.cts.magentotest.LoginTest"/>
  <testcase name="invalidCredentials" time="39.074" classname="com.cts.magentotest.LoginTest"/>
  <testcase name="invalidCredentials" time="55.312" classname="com.cts.magentotest.LoginTest"/>
  <testcase name="invalidCredentials" time="28.641" classname="com.cts.magentotest.LoginTest"/>
</testsuite> <!-- com.cts.magentotest.LoginTest -->
